#
# A fatal error has been detected by the Java Runtime Environment:
#
#  EXCEPTION_ACCESS_VIOLATION (0xc0000005) at pc=0x0000023503e804a0, pid=9944, tid=0x0000000000000bac
#
# JRE version: Java(TM) SE Runtime Environment (8.0_112-b15) (build 1.8.0_112-b15)
# Java VM: Java HotSpot(TM) 64-Bit Server VM (25.112-b15 mixed mode windows-amd64 compressed oops)
# Problematic frame:
# C  0x0000023503e804a0
#
# Failed to write core dump. Minidumps are not enabled by default on client versions of Windows
#
# If you would like to submit a bug report, please visit:
#   http://bugreport.java.com/bugreport/crash.jsp
# The crash happened outside the Java Virtual Machine in native code.
# See problematic frame for where to report the bug.
#

---------------  T H R E A D  ---------------

Current thread (0x00000234ffa75000):  JavaThread "main" [_thread_in_native, id=2988, stack(0x0000009bffc00000,0x0000009bffd00000)]

siginfo: ExceptionCode=0xc0000005, ExceptionInformation=0x0000000000000008 0x0000023503e804a0

Registers:
RAX=0x0000023503e804a0, RBX=0x0000000000000000, RCX=0x00000234ffa7e680, RDX=0x0000009bffcfe4d0
RSP=0x0000009bffcfe498, RBP=0x0000009bffcfe4e0, RSI=0x0000000000000000, RDI=0x0000000000000000
R8 =0xe725494bfc4f6225, R9 =0x00007ff9c9e137a0, R10=0xe725494bfc4f6225, R11=0x0000f0bbbc4f63da
R12=0x00007ff9882cbdf0, R13=0x0000023504a25060, R14=0x0000009bffcfe600, R15=0x0000009bffcfe548
RIP=0x0000023503e804a0, EFLAGS=0x0000000000010203

Top of Stack: (sp=0x0000009bffcfe498)
0x0000009bffcfe498:   00007ff9c9d707bf 0000000000000000
0x0000009bffcfe4a8:   0000000000000000 0000009bffcfe600
0x0000009bffcfe4b8:   00007ff9a14f3fba 00000234ffa7e680
0x0000009bffcfe4c8:   0000023503e804a0 00000234fd488200
0x0000009bffcfe4d8:   0000000000000000 0000009bffcfea68
0x0000009bffcfe4e8:   0000009bffcfe610 0000000000000000
0x0000009bffcfe4f8:   00007ff9c9d705f1 0000009bffcfe610
0x0000009bffcfe508:   0000023504a25060 0000000000000000
0x0000009bffcfe518:   0000000000000000 000000007fffffff
0x0000009bffcfe528:   0000000000000000 0000009bffcfe640
0x0000009bffcfe538:   00007ff9c9d7095c 0000009bffcfe610
0x0000009bffcfe548:   0000000000000000 0000009bffcfea48
0x0000009bffcfe558:   00007ff9c9e470e0 0000009bffcfe650
0x0000009bffcfe568:   000000000a90306d 0000000000000000
0x0000009bffcfe578:   000000000000003f 00000234fff90020
0x0000009bffcfe588:   0000009bffcfe650 0000023504e60880 

Instructions: (pc=0x0000023503e804a0)
0x0000023503e80480:   00 00 00 00 00 00 00 00 00 00 00 00 00 00 00 00
0x0000023503e80490:   00 00 00 00 00 00 00 00 0d 00 00 00 02 00 05 00
0x0000023503e804a0:   10 27 55 04 35 02 00 00 01 00 00 00 e4 04 00 00
0x0000023503e804b0:   02 00 00 00 e4 04 00 00 e4 04 00 00 00 00 00 00 


Register to memory mapping:

RAX=0x0000023503e804a0 is an unknown value
RBX=0x0000000000000000 is an unknown value
RCX=0x00000234ffa7e680 is an unknown value
RDX=0x0000009bffcfe4d0 is pointing into the stack for thread: 0x00000234ffa75000
RSP=0x0000009bffcfe498 is pointing into the stack for thread: 0x00000234ffa75000
RBP=0x0000009bffcfe4e0 is pointing into the stack for thread: 0x00000234ffa75000
RSI=0x0000000000000000 is an unknown value
RDI=0x0000000000000000 is an unknown value
R8 =0xe725494bfc4f6225 is an unknown value
R9 =0x00007ff9c9e137a0 is an unknown value
R10=0xe725494bfc4f6225 is an unknown value
R11=0x0000f0bbbc4f63da is an unknown value
R12=0x00007ff9882cbdf0 is an unknown value
R13=0x0000023504a25060 is an unknown value
R14=0x0000009bffcfe600 is pointing into the stack for thread: 0x00000234ffa75000
R15=0x0000009bffcfe548 is pointing into the stack for thread: 0x00000234ffa75000


Stack: [0x0000009bffc00000,0x0000009bffd00000],  sp=0x0000009bffcfe498,  free space=1017k
Native frames: (J=compiled Java code, j=interpreted, Vv=VM code, C=native code)
C  0x0000023503e804a0

Java frames: (J=compiled Java code, j=interpreted, Vv=VM code)
j  ui.data.common.parami.ParamMgr_getValueAsBool(JLjava/lang/String;)Z+0
j  ui.data.common.w.dC(Ljava/lang/String;)Z+5
j  ui.data.common.w.vF()Z+5
j  ui.g.q.vF()Z+18
j  ui.g.q.dIp()Ljava/lang/String;+6
j  ui.PlanAhead.<clinit>()V+639
v  ~StubRoutines::call_stub

---------------  P R O C E S S  ---------------

Java Threads: ( => current thread )
  0x0000023503e06800 JavaThread "Service Thread" daemon [_thread_blocked, id=6112, stack(0x0000009b81e00000,0x0000009b82300000)]
  0x0000023504045800 JavaThread "C1 CompilerThread3" daemon [_thread_blocked, id=6420, stack(0x0000009b81d00000,0x0000009b81e00000)]
  0x0000023504047000 JavaThread "C2 CompilerThread2" daemon [_thread_blocked, id=5728, stack(0x0000009b81c00000,0x0000009b81d00000)]
  0x0000023504048000 JavaThread "C2 CompilerThread1" daemon [_thread_blocked, id=6440, stack(0x0000009b81b00000,0x0000009b81c00000)]
  0x0000023504049000 JavaThread "C2 CompilerThread0" daemon [_thread_blocked, id=12224, stack(0x0000009b81a00000,0x0000009b81b00000)]
  0x000002350404a800 JavaThread "Attach Listener" daemon [_thread_blocked, id=4476, stack(0x0000009b81500000,0x0000009b81a00000)]
  0x000002350404b800 JavaThread "Signal Dispatcher" daemon [_thread_blocked, id=10780, stack(0x0000009b81000000,0x0000009b81500000)]
  0x0000023503e61800 JavaThread "Finalizer" daemon [_thread_blocked, id=7784, stack(0x0000009b80b00000,0x0000009b81000000)]
  0x0000023503e71000 JavaThread "Reference Handler" daemon [_thread_blocked, id=2808, stack(0x0000009b80600000,0x0000009b80b00000)]
=>0x00000234ffa75000 JavaThread "main" [_thread_in_native, id=2988, stack(0x0000009bffc00000,0x0000009bffd00000)]

Other Threads:
  0x0000023502a62000 VMThread [stack: 0x0000009b80500000,0x0000009b80600000] [id=228]
  0x0000023503d45000 WatcherThread [stack: 0x0000009b82300000,0x0000009b82400000] [id=7592]

VM state:not at safepoint (normal execution)

VM Mutex/Monitor currently owned by a thread: None

Heap:
 PSYoungGen      total 53760K, used 7374K [0x00000007bc400000, 0x00000007c0000000, 0x00000007c0000000)
  eden space 46080K, 16% used [0x00000007bc400000,0x00000007bcb33a60,0x00000007bf100000)
  from space 7680K, 0% used [0x00000007bf880000,0x00000007bf880000,0x00000007c0000000)
  to   space 7680K, 0% used [0x00000007bf100000,0x00000007bf100000,0x00000007bf880000)
 ParOldGen       total 69632K, used 0K [0x0000000700000000, 0x0000000704400000, 0x00000007bc400000)
  object space 69632K, 0% used [0x0000000700000000,0x0000000700000000,0x0000000704400000)
 Metaspace       used 6702K, capacity 6902K, committed 7168K, reserved 1056768K
  class space    used 666K, capacity 727K, committed 768K, reserved 1048576K

Card table byte_map: [0x000002348f3e0000,0x000002348f9f0000] byte_map_base: 0x000002348bbe0000

Marking Bits: (ParMarkBitMap*) 0x00000000712ba6d0
 Begin Bits: [0x000002348ffe0000, 0x0000023492fe0000)
 End Bits:   [0x0000023492fe0000, 0x0000023495fe0000)

Polling page: 0x0000023480000000

CodeCache: size=245760Kb used=2027Kb max_used=2027Kb free=243732Kb
 bounds [0x0000023480020000, 0x0000023480290000, 0x000002348f020000]
 total_blobs=740 nmethods=408 adapters=245
 compilation: enabled

Compilation events (10 events):
Event: 3.127 Thread 0x0000023504047000  404       4       java.lang.String::<init> (82 bytes)
Event: 3.129 Thread 0x0000023504047000 nmethod 404 0x0000023480219890 code [0x00000234802199e0, 0x0000023480219cd8]
Event: 3.150 Thread 0x0000023504045800  406       3       java.lang.ProcessEnvironment$NameComparator::compare (90 bytes)
Event: 3.150 Thread 0x0000023504045800 nmethod 406 0x0000023480217ed0 code [0x0000023480218100, 0x0000023480218e00]
Event: 3.150 Thread 0x0000023504045800  405       3       java.lang.ProcessEnvironment$NameComparator::compare (13 bytes)
Event: 3.151 Thread 0x0000023504045800 nmethod 405 0x0000023480217890 code [0x0000023480217a00, 0x0000023480217df0]
Event: 3.154 Thread 0x0000023504045800  407       1       java.util.jar.Manifest::getEntries (5 bytes)
Event: 3.154 Thread 0x0000023504045800 nmethod 407 0x000002348021a310 code [0x000002348021a460, 0x000002348021a578]
Event: 3.157 Thread 0x0000023504045800  408       3       java.util.BitSet::get (69 bytes)
Event: 3.157 Thread 0x0000023504045800 nmethod 408 0x000002348021a7d0 code [0x000002348021a9c0, 0x000002348021b350]

GC Heap History (0 events):
No events

Deoptimization events (1 events):
Event: 1.117 Thread 0x00000234ffa75000 Uncommon trap: reason=unstable_if action=reinterpret pc=0x000002348014c688 method=java.lang.String.hashCode()I @ 14

Internal exceptions (10 events):
Event: 1.355 Thread 0x00000234ffa75000 Exception <a 'java/security/PrivilegedActionException'> (0x00000007bc7366a0) thrown at [C:\re\workspace\8-2-build-windows-amd64-cygwin\jdk8u112\7884\hotspot\src\share\vm\prims\jvm.cpp, line 1390]
Event: 2.659 Thread 0x00000234ffa75000 Exception <a 'java/security/PrivilegedActionException'> (0x00000007bc8021b0) thrown at [C:\re\workspace\8-2-build-windows-amd64-cygwin\jdk8u112\7884\hotspot\src\share\vm\prims\jvm.cpp, line 1390]
Event: 2.659 Thread 0x00000234ffa75000 Exception <a 'java/security/PrivilegedActionException'> (0x00000007bc8025a8) thrown at [C:\re\workspace\8-2-build-windows-amd64-cygwin\jdk8u112\7884\hotspot\src\share\vm\prims\jvm.cpp, line 1390]
Event: 2.659 Thread 0x00000234ffa75000 Exception <a 'java/security/PrivilegedActionException'> (0x00000007bc804580) thrown at [C:\re\workspace\8-2-build-windows-amd64-cygwin\jdk8u112\7884\hotspot\src\share\vm\prims\jvm.cpp, line 1390]
Event: 2.659 Thread 0x00000234ffa75000 Exception <a 'java/security/PrivilegedActionException'> (0x00000007bc804978) thrown at [C:\re\workspace\8-2-build-windows-amd64-cygwin\jdk8u112\7884\hotspot\src\share\vm\prims\jvm.cpp, line 1390]
Event: 2.692 Thread 0x00000234ffa75000 Exception <a 'java/security/PrivilegedActionException'> (0x00000007bc808a60) thrown at [C:\re\workspace\8-2-build-windows-amd64-cygwin\jdk8u112\7884\hotspot\src\share\vm\prims\jvm.cpp, line 1390]
Event: 2.692 Thread 0x00000234ffa75000 Exception <a 'java/security/PrivilegedActionException'> (0x00000007bc808e58) thrown at [C:\re\workspace\8-2-build-windows-amd64-cygwin\jdk8u112\7884\hotspot\src\share\vm\prims\jvm.cpp, line 1390]
Event: 2.984 Thread 0x00000234ffa75000 Exception <a 'java/io/FileNotFoundException'> (0x00000007bc88dd70) thrown at [C:\re\workspace\8-2-build-windows-amd64-cygwin\jdk8u112\7884\hotspot\src\share\vm\prims\jni.cpp, line 709]
Event: 3.056 Thread 0x00000234ffa75000 Exception <a 'java/lang/NoSuchFieldError': method resolution failed> (0x00000007bc95b258) thrown at [C:\re\workspace\8-2-build-windows-amd64-cygwin\jdk8u112\7884\hotspot\src\share\vm\prims\methodHandles.cpp, line 1146]
Event: 3.057 Thread 0x00000234ffa75000 Exception <a 'java/lang/NoSuchFieldError': method resolution failed> (0x00000007bc968648) thrown at [C:\re\workspace\8-2-build-windows-amd64-cygwin\jdk8u112\7884\hotspot\src\share\vm\prims\methodHandles.cpp, line 1146]

Events (10 events):
Event: 3.156 loading class java/util/concurrent/TimeUnit$5
Event: 3.157 loading class java/util/concurrent/TimeUnit$5 done
Event: 3.157 loading class java/util/concurrent/TimeUnit$6
Event: 3.157 loading class java/util/concurrent/TimeUnit$6 done
Event: 3.157 loading class java/util/concurrent/TimeUnit$7
Event: 3.157 loading class java/util/concurrent/TimeUnit$7 done
Event: 3.157 loading class ui/frmwork/a/c
Event: 3.157 loading class ui/frmwork/a/c done
Event: 3.157 loading class ui/data/device/devmodeli
Event: 3.157 loading class ui/data/device/devmodeli done


Dynamic libraries:
0x00007ff6fd420000 - 0x00007ff6fd452000 	C:\Xilinx\Vivado\2017.2\bin\unwrapped\win64.o\vivado.exe
0x00007ff9cc9f0000 - 0x00007ff9ccbd0000 	C:\WINDOWS\SYSTEM32\ntdll.dll
0x00007ff9cc4c0000 - 0x00007ff9cc56e000 	C:\WINDOWS\System32\KERNEL32.DLL
0x00007ff9c9690000 - 0x00007ff9c98f6000 	C:\WINDOWS\System32\KERNELBASE.dll
0x00007ff9c66c0000 - 0x00007ff9c6748000 	C:\WINDOWS\SYSTEM32\apphelp.dll
0x00007ff9c9d60000 - 0x00007ff9c9e56000 	C:\WINDOWS\System32\ucrtbase.dll
0x00007ff9c3140000 - 0x00007ff9c3154000 	C:\Xilinx\Vivado\2017.2\lib\win64.o\librdi_commonmain.dll
0x00007ff9c3120000 - 0x00007ff9c3134000 	C:\Xilinx\Vivado\2017.2\lib\win64.o\libboost_signals.dll
0x00007ff9b1700000 - 0x00007ff9b1716000 	C:\WINDOWS\SYSTEM32\VCRUNTIME140.dll
0x00007ff9a14c0000 - 0x00007ff9a155c000 	C:\WINDOWS\SYSTEM32\MSVCP140.dll
0x00007ff9c0af0000 - 0x00007ff9c0b16000 	C:\Xilinx\Vivado\2017.2\lib\win64.o\libboost_filesystem.dll
0x00007ff9cc090000 - 0x00007ff9cc131000 	C:\WINDOWS\System32\ADVAPI32.dll
0x00007ff9cc920000 - 0x00007ff9cc9bd000 	C:\WINDOWS\System32\msvcrt.dll
0x00007ff9ca4a0000 - 0x00007ff9ca4fb000 	C:\WINDOWS\System32\sechost.dll
0x00007ff9c9f20000 - 0x00007ff9ca03f000 	C:\WINDOWS\System32\RPCRT4.dll
0x00007ff9c2f10000 - 0x00007ff9c2f1a000 	C:\Xilinx\Vivado\2017.2\lib\win64.o\librdi_commonversion.dll
0x00007ff987770000 - 0x00007ff98837f000 	C:\Xilinx\Vivado\2017.2\lib\win64.o\librdi_common.dll
0x00007ff9ca6a0000 - 0x00007ff9ca82f000 	C:\WINDOWS\System32\USER32.dll
0x00007ff9c9d40000 - 0x00007ff9c9d60000 	C:\WINDOWS\System32\win32u.dll
0x00007ff9cc250000 - 0x00007ff9cc278000 	C:\WINDOWS\System32\GDI32.dll
0x00007ff9c9b50000 - 0x00007ff9c9ce3000 	C:\WINDOWS\System32\gdi32full.dll
0x00007ff9c95f0000 - 0x00007ff9c968b000 	C:\WINDOWS\System32\msvcp_win.dll
0x00007ff9cac50000 - 0x00007ff9cc086000 	C:\WINDOWS\System32\SHELL32.dll
0x00007ff9c9cf0000 - 0x00007ff9c9d3a000 	C:\WINDOWS\System32\cfgmgr32.dll
0x00007ff9ca860000 - 0x00007ff9ca906000 	C:\WINDOWS\System32\shcore.dll
0x00007ff9cc5f0000 - 0x00007ff9cc8f8000 	C:\WINDOWS\System32\combase.dll
0x00007ff9c9900000 - 0x00007ff9c9972000 	C:\WINDOWS\System32\bcryptPrimitives.dll
0x00007ff9c8ea0000 - 0x00007ff9c95e7000 	C:\WINDOWS\System32\windows.storage.dll
0x00007ff9caaf0000 - 0x00007ff9cab41000 	C:\WINDOWS\System32\shlwapi.dll
0x00007ff9c8d60000 - 0x00007ff9c8d71000 	C:\WINDOWS\System32\kernel.appcore.dll
0x00007ff9c8d80000 - 0x00007ff9c8dcc000 	C:\WINDOWS\System32\powrprof.dll
0x00007ff9c8d40000 - 0x00007ff9c8d5b000 	C:\WINDOWS\System32\profapi.dll
0x00007ff9c2f00000 - 0x00007ff9c2f0b000 	C:\Xilinx\Vivado\2017.2\lib\win64.o\libboost_system.dll
0x00007ff9b48c0000 - 0x00007ff9b49c1000 	C:\Xilinx\Vivado\2017.2\lib\win64.o\librdi_commonxillic.dll
0x0000000071340000 - 0x000000007146b000 	C:\Xilinx\Vivado\2017.2\lib\win64.o\tcl85t.dll
0x00007ff9caa80000 - 0x00007ff9caaec000 	C:\WINDOWS\System32\WS2_32.dll
0x00007ff9c1190000 - 0x00007ff9c11a4000 	C:\Xilinx\Vivado\2017.2\lib\win64.o\libboost_date_time.dll
0x00007ff9ae4e0000 - 0x00007ff9ae84e000 	C:\Xilinx\Vivado\2017.2\lib\win64.o\libCOIN-all.dll
0x00007ff9b3a90000 - 0x00007ff9b3d81000 	C:\Xilinx\Vivado\2017.2\lib\win64.o\libXil_lmgr11.dll
0x00007ff9cc140000 - 0x00007ff9cc24a000 	C:\WINDOWS\System32\COMDLG32.dll
0x00007ff9cc3f0000 - 0x00007ff9cc4b5000 	C:\WINDOWS\System32\OLEAUT32.dll
0x00007ff9ca910000 - 0x00007ff9caa59000 	C:\WINDOWS\System32\ole32.dll
0x00007ff9c9e60000 - 0x00007ff9c9eb8000 	C:\WINDOWS\System32\WINTRUST.dll
0x00007ff9c8dd0000 - 0x00007ff9c8de2000 	C:\WINDOWS\System32\MSASN1.dll
0x00007ff9c9980000 - 0x00007ff9c9b4e000 	C:\WINDOWS\System32\CRYPT32.dll
0x00007ff9b5740000 - 0x00007ff9b57be000 	C:\Xilinx\Vivado\2017.2\lib\win64.o\libboost_program_options.dll
0x00007ff9c0ad0000 - 0x00007ff9c0af0000 	C:\Xilinx\Vivado\2017.2\lib\win64.o\libboost_thread.dll
0x00007ff9c2290000 - 0x00007ff9c229f000 	C:\Xilinx\Vivado\2017.2\lib\win64.o\libboost_xilinx.dll
0x00007ff9b47b0000 - 0x00007ff9b48bd000 	C:\Xilinx\Vivado\2017.2\lib\win64.o\libboost_regex.dll
0x000000000a900000 - 0x000000000a983000 	C:\Xilinx\Vivado\2017.2\lib\win64.o\SHSMP64.dll
0x00007ff9b4720000 - 0x00007ff9b47a2000 	C:\Xilinx\Vivado\2017.2\lib\win64.o\libhdlpsolve.dll
0x0000000070aa0000 - 0x000000007133a000 	C:\Xilinx\Vivado\2017.2\tps\win64\jre\bin\server\jvm.dll
0x00007ff9bcef0000 - 0x00007ff9bcf1e000 	C:\Xilinx\Vivado\2017.2\lib\win64.o\libisl_sysinfo.dll
0x00007ff9ca040000 - 0x00007ff9ca048000 	C:\WINDOWS\System32\PSAPI.DLL
0x00007ff9b4670000 - 0x00007ff9b4715000 	C:\Xilinx\Vivado\2017.2\lib\win64.o\libhdxml.dll
0x00007ff9bfc30000 - 0x00007ff9bfc4c000 	C:\Xilinx\Vivado\2017.2\lib\win64.o\librdiconfig.dll
0x00007ff9bd440000 - 0x00007ff9bd455000 	C:\Xilinx\Vivado\2017.2\lib\win64.o\pthreadVC2.dll
0x00007ff9b40d0000 - 0x00007ff9b4221000 	C:\Xilinx\Vivado\2017.2\lib\win64.o\librdi_curl.dll
0x00007ff9c7190000 - 0x00007ff9c74c4000 	C:\WINDOWS\SYSTEM32\WININET.dll
0x00007ff9c6c30000 - 0x00007ff9c6d0e000 	C:\WINDOWS\SYSTEM32\WINHTTP.dll
0x00007ff9b93b0000 - 0x00007ff9b957c000 	C:\WINDOWS\SYSTEM32\urlmon.dll
0x00007ff9cc900000 - 0x00007ff9cc91d000 	C:\WINDOWS\System32\imagehlp.dll
0x00007ff9bcdb0000 - 0x00007ff9bcdd1000 	C:\Xilinx\Vivado\2017.2\lib\win64.o\librdizlib.dll
0x00007ff9b7c40000 - 0x00007ff9b7c49000 	C:\WINDOWS\SYSTEM32\WSOCK32.dll
0x00007ff9868d0000 - 0x00007ff987761000 	C:\Xilinx\Vivado\2017.2\lib\win64.o\gurobi65.dll
0x0000000012000000 - 0x0000000012272000 	C:\Xilinx\Vivado\2017.2\lib\win64.o\xerces-c_3_1.dll
0x00007ff9c25f0000 - 0x00007ff9c2607000 	C:\WINDOWS\SYSTEM32\NETAPI32.dll
0x00007ff9bc120000 - 0x00007ff9bc1c6000 	C:\WINDOWS\WinSxS\amd64_microsoft.windows.common-controls_6595b64144ccf1df_5.82.16299.125_none_88782a244abc4c60\COMCTL32.dll
0x00007ff9ae100000 - 0x00007ff9ae4de000 	C:\Xilinx\Vivado\2017.2\lib\win64.o\libisl_iostreams.dll
0x00007ff9bcd80000 - 0x00007ff9bcdae000 	C:\WINDOWS\SYSTEM32\VCOMP140.DLL
0x00007ff9c0f00000 - 0x00007ff9c0f0a000 	C:\WINDOWS\SYSTEM32\VERSION.dll
0x00007ff9bc1d0000 - 0x00007ff9bc1f3000 	C:\WINDOWS\SYSTEM32\WINMM.dll
0x00007ff9c2210000 - 0x00007ff9c221d000 	C:\Xilinx\Vivado\2017.2\lib\win64.o\libboost_chrono.dll
0x00007ff9b9060000 - 0x00007ff9b92f9000 	C:\WINDOWS\SYSTEM32\iertutil.dll
0x00007ff9bce80000 - 0x00007ff9bce9b000 	C:\Xilinx\Vivado\2017.2\lib\win64.o\libboost_iostreams.dll
0x00000000709c0000 - 0x0000000070a92000 	C:\WINDOWS\SYSTEM32\MSVCR100.dll
0x00007ff9bc0b0000 - 0x00007ff9bc0da000 	C:\WINDOWS\SYSTEM32\WINMMBASE.dll
0x00007ff9bcb80000 - 0x00007ff9bcba5000 	C:\Xilinx\Vivado\2017.2\lib\win64.o\libisl_iosutils.dll
0x00007ff9c87b0000 - 0x00007ff9c87bb000 	C:\WINDOWS\SYSTEM32\CRYPTBASE.DLL
0x00007ff9b10c0000 - 0x00007ff9b1194000 	C:\WINDOWS\SYSTEM32\MSVCR110.dll
0x00007ff9ca830000 - 0x00007ff9ca85d000 	C:\WINDOWS\System32\IMM32.DLL
0x00007ff99b6b0000 - 0x00007ff99bb13000 	C:\Xilinx\Vivado\2017.2\lib\win64.o\librdi_commontasks.dll
0x00007ff9ad7e0000 - 0x00007ff9ada0a000 	C:\Xilinx\Vivado\2017.2\lib\win64.o\librdi_sio.dll
0x00007ff9c8360000 - 0x00007ff9c8399000 	C:\WINDOWS\SYSTEM32\IPHLPAPI.DLL
0x00007ff984940000 - 0x00007ff9868c1000 	C:\Xilinx\Vivado\2017.2\lib\win64.o\librdi_tcltasks.dll
0x00007ff9b4600000 - 0x00007ff9b4668000 	C:\Xilinx\Vivado\2017.2\lib\win64.o\librdi_boarddep.dll
0x00007ff9a1780000 - 0x00007ff9a1999000 	C:\Xilinx\Vivado\2017.2\lib\win64.o\librdi_chipscope.dll
0x00007ff998ee0000 - 0x00007ff999242000 	C:\Xilinx\Vivado\2017.2\lib\win64.o\librdi_bitstream.dll
0x00007ff9b0770000 - 0x00007ff9b08e5000 	C:\Xilinx\Vivado\2017.2\lib\win64.o\librdi_board.dll
0x00007ff9afbc0000 - 0x00007ff9afcbe000 	C:\Xilinx\Vivado\2017.2\lib\win64.o\librdi_containers.dll
0x00007ff983440000 - 0x00007ff984936000 	C:\Xilinx\Vivado\2017.2\lib\win64.o\librdi_constraints.dll
0x00007ff97f9b0000 - 0x00007ff98343d000 	C:\Xilinx\Vivado\2017.2\lib\win64.o\librdi_designutils.dll
0x00007ff97cec0000 - 0x00007ff97f9af000 	C:\Xilinx\Vivado\2017.2\lib\win64.o\librdi_coregen.dll
0x00007ff99f1b0000 - 0x00007ff99f410000 	C:\Xilinx\Vivado\2017.2\lib\win64.o\librdi_dlyest.dll
0x00007ff9ae030000 - 0x00007ff9ae0fe000 	C:\Xilinx\Vivado\2017.2\lib\win64.o\librdi_dsp.dll
0x00007ff989370000 - 0x00007ff989873000 	C:\Xilinx\Vivado\2017.2\lib\win64.o\librdi_drc.dll
0x00007ff970de0000 - 0x00007ff97cebb000 	C:\Xilinx\Vivado\2017.2\lib\win64.o\librdi_device.dll
0x00007ff9708a0000 - 0x00007ff970de0000 	C:\Xilinx\Vivado\2017.2\lib\win64.o\librdi_filemgmt.dll
0x00007ff99da60000 - 0x00007ff99dcda000 	C:\Xilinx\Vivado\2017.2\lib\win64.o\librdi_guitools.dll
0x00007ff96f980000 - 0x00007ff970893000 	C:\Xilinx\Vivado\2017.2\lib\win64.o\librdi_implflow.dll
0x00007ff9bc570000 - 0x00007ff9bc5b1000 	C:\Xilinx\Vivado\2017.2\lib\win64.o\librdi_pfi.dll
0x00007ff96cfa0000 - 0x00007ff96d425000 	C:\Xilinx\Vivado\2017.2\lib\win64.o\librdi_netlist.dll
0x00007ff96f380000 - 0x00007ff96f974000 	C:\Xilinx\Vivado\2017.2\lib\win64.o\librdi_memdata.dll
0x00007ff96d430000 - 0x00007ff96f379000 	C:\Xilinx\Vivado\2017.2\lib\win64.o\librdi_mig.dll
0x00007ff9a0980000 - 0x00007ff9a0b3b000 	C:\Xilinx\Vivado\2017.2\lib\win64.o\librdi_platform.dll
0x00007ff96c920000 - 0x00007ff96cf95000 	C:\Xilinx\Vivado\2017.2\lib\win64.o\librdi_power.dll
0x00007ff96acc0000 - 0x00007ff96c91a000 	C:\Xilinx\Vivado\2017.2\lib\win64.o\librdi_place.dll
0x00007ff96a6d0000 - 0x00007ff96acb2000 	C:\Xilinx\Vivado\2017.2\lib\win64.o\librdi_psta.dll
0x00007ff96a1c0000 - 0x00007ff96a6ce000 	C:\Xilinx\Vivado\2017.2\lib\win64.o\librdi_project.dll
0x00007ff969ae0000 - 0x00007ff96a1b3000 	C:\Xilinx\Vivado\2017.2\lib\win64.o\librdi_rsb.dll
0x00007ff99e1d0000 - 0x00007ff99e37e000 	C:\Xilinx\Vivado\2017.2\lib\win64.o\librdi_simdata.dll
0x00007ff9ae900000 - 0x00007ff9ae989000 	C:\Xilinx\Vivado\2017.2\lib\win64.o\librdi_runsbase.dll
0x00007ff9984e0000 - 0x00007ff998858000 	C:\Xilinx\Vivado\2017.2\lib\win64.o\librdi_runs.dll
0x00007ff9aed30000 - 0x00007ff9aed95000 	C:\Xilinx\Vivado\2017.2\lib\win64.o\liblmx6.0.dll
0x00007ff9bc060000 - 0x00007ff9bc0ab000 	C:\Xilinx\Vivado\2017.2\lib\win64.o\libboost_serialization.dll
0x00007ff968f10000 - 0x00007ff969ad9000 	C:\Xilinx\Vivado\2017.2\lib\win64.o\librdi_timing.dll
0x00007ff9689c0000 - 0x00007ff968f0e000 	C:\Xilinx\Vivado\2017.2\lib\win64.o\librdi_xdm.dll
0x00007ff9682f0000 - 0x00007ff9689b6000 	C:\Xilinx\Vivado\2017.2\lib\win64.o\librdi_coregenipxact.dll
0x00007ff9adf90000 - 0x00007ff9ae02e000 	C:\Xilinx\Vivado\2017.2\lib\win64.o\libise.dll
0x00007ff967870000 - 0x00007ff9682e2000 	C:\Xilinx\Vivado\2017.2\lib\win64.o\libverific.dll
0x00007ff9b1bd0000 - 0x00007ff9b1c15000 	C:\Xilinx\Vivado\2017.2\lib\win64.o\librdi_wavedata_SimpleApi.dll
0x00007ff967450000 - 0x00007ff96786e000 	C:\Xilinx\Vivado\2017.2\lib\win64.o\librdi_wavedata.dll
0x00007ff9b19f0000 - 0x00007ff9b1a38000 	C:\Xilinx\Vivado\2017.2\lib\win64.o\librdi_hdf.dll
0x00007ff99b480000 - 0x00007ff99b6a6000 	C:\Xilinx\Vivado\2017.2\lib\win64.o\librdi_hsm.dll
0x00007ff9666b0000 - 0x00007ff96744f000 	C:\Xilinx\Vivado\2017.2\lib\win64.o\librdi_route.dll
0x00007ff9bcb60000 - 0x00007ff9bcb7a000 	C:\Xilinx\Vivado\2017.2\lib\win64.o\librdi_hmetis.dll
0x00007ff9660e0000 - 0x00007ff9666a2000 	C:\Xilinx\Vivado\2017.2\lib\win64.o\librdi_abc_nomp.dll
0x00007ff9b0710000 - 0x00007ff9b0762000 	C:\Xilinx\Vivado\2017.2\lib\win64.o\librdi_projectbase.dll

VM Arguments:
jvm_args: -Dsun.java2d.pmoffscreen=false -Dsun.java2d.d3d=false -Dsun.awt.nopixfmt=true -Xverify:none -Dswing.aatext=true -XX:-UsePerfData -Djdk.map.althashing.threshold=512 -XX:StringTableSize=4072 -XX:NewSize=60m -XX:MaxNewSize=60m -Xms128m -Xmx3072m -Xss5m 
java_command: <unknown>
java_class_path (initial): C:/Xilinx/Vivado/2017.2\lib\classes\alloy.jar;C:/Xilinx/Vivado/2017.2\lib\classes\batik-anim.jar;C:/Xilinx/Vivado/2017.2\lib\classes\batik-awt-util.jar;C:/Xilinx/Vivado/2017.2\lib\classes\batik-bridge.jar;C:/Xilinx/Vivado/2017.2\lib\classes\batik-codec.jar;C:/Xilinx/Vivado/2017.2\lib\classes\batik-css.jar;C:/Xilinx/Vivado/2017.2\lib\classes\batik-dom.jar;C:/Xilinx/Vivado/2017.2\lib\classes\batik-ext.jar;C:/Xilinx/Vivado/2017.2\lib\classes\batik-gui-util.jar;C:/Xilinx/Vivado/2017.2\lib\classes\batik-gvt.jar;C:/Xilinx/Vivado/2017.2\lib\classes\batik-parser.jar;C:/Xilinx/Vivado/2017.2\lib\classes\batik-script.jar;C:/Xilinx/Vivado/2017.2\lib\classes\batik-svg-dom.jar;C:/Xilinx/Vivado/2017.2\lib\classes\batik-swing.jar;C:/Xilinx/Vivado/2017.2\lib\classes\batik-transcoder.jar;C:/Xilinx/Vivado/2017.2\lib\classes\batik-util.jar;C:/Xilinx/Vivado/2017.2\lib\classes\batik-xml.jar;C:/Xilinx/Vivado/2017.2\lib\classes\commons-math-2.2.jar;C:/Xilinx/Vivado/2017.2\lib\classes\dom4j-1.6.1.jar;C:/Xilinx/Vivado/2017.2\lib\classes\forms.jar;C:/Xilinx/Vivado/2017.2\lib\classes\guava-18.0.jar;C:/Xilinx/Vivado/2017.2\lib\classes\help.jar;C:/Xilinx/Vivado/2017.2\lib\classes\hsqldb.jar;C:/Xilinx/Vivado/2017.2\lib\classes\jh.jar;C:/Xilinx/Vivado/2017.2\lib\classes\jide-action.jar;C:/Xilinx/Vivado/2017.2\lib\classes\jide-charts.jar;C:/Xilinx/Vivado/2017.2\lib\classes\jide-common.jar;C:/Xilinx/Vivado/2017.2\lib\classes\jide-components.jar;C:/Xilinx/Vivado/2017.2\lib\classes\jide-dashboard.jar;C:/Xilinx/Vivado/2017.2\lib\classes\jide-data.jar;C:/Xilinx/Vivado/2017.2\lib\classes\jide-dialogs.jar;C:/Xilinx/Vivado/2017.2\lib\classes\jide-diff.jar;C:/Xilinx/Vivado/2017.2\lib\classes\jide-dock.jar;C:/Xilinx/Vivado/2017.2\lib\classes\jide-editor.jar;C:/Xilinx/Vivado/2017.2\lib\classes\jide-gantt.jar;C:/Xilinx/Vivado/2017.2\lib\classes\jide-grids.jar;C:/Xilinx/Vivado/2017.2\lib\classes\jide-pivot.jar;C:/Xilinx/Vivado/2017.2\lib\classes\jide-plaf-jdk7.jar;C:/Xilinx/Vivado/2
Launcher Type: generic

Environment Variables:
PATH=C:/Xilinx/Vivado/2017.2/bin;C:/Xilinx/Vivado/2017.2/lib/win64.o;C:/Xilinx/Vivado/2017.2/tps/win64/jre/bin/server;C:/Xilinx/Vivado/2017.2/tps/win64/jre/bin;C:/Xilinx/SDK/2017.2/bin;C:/Xilinx/Vivado/2017.2/ids_lite/ISE/bin/nt64;C:/Xilinx/Vivado/2017.2/ids_lite/ISE/lib/nt64;C:/Xilinx/Vivado_HLS/2017.2/bin;C:\ProgramData\Oracle\Java\javapath;C:\WINDOWS\system32;C:\WINDOWS;C:\WINDOWS\System32\Wbem;C:\WINDOWS\System32\WindowsPowerShell\v1.0\;C:\Program Files (x86)\Nordic Semiconductor\nrf5x\bin\;C:\Program Files (x86)\GNU Tools ARM Embedded\5.4 2016q3\bin;C:\Program Files\GNU MCU Eclipse\Build Tools\2.9-20170629-1013\bin\bin;C:\Program Files (x86)\STMicroelectronics\STM32 ST-LINK Utility\ST-LINK Utility;C:\Program Files\PuTTY\;C:\Users\geirj\AppData\Local\Microsoft\WindowsApps;;C:/Xilinx/Vivado/2017.2\tps\mingw\6.2.0\win64.o\nt\bin;C:/Xilinx/Vivado/2017.2\tps\mingw\6.2.0\win64.o\nt\libexec\gcc\x86_64-w64-mingw32\6.2.0
USERNAME=geirj
OS=Windows_NT
PROCESSOR_IDENTIFIER=Intel64 Family 6 Model 60 Stepping 3, GenuineIntel



---------------  S Y S T E M  ---------------

OS: Windows 10.0 , 64 bit Build 16299 (10.0.16299.15)

CPU:total 8 (4 cores per cpu, 2 threads per core) family 6 model 60 stepping 3, cmov, cx8, fxsr, mmx, sse, sse2, sse3, ssse3, sse4.1, sse4.2, popcnt, avx, avx2, aes, clmul, erms, lzcnt, ht, tsc, tscinvbit, bmi1, bmi2

Memory: 4k page, physical 16651568k(12422400k free), swap 19666224k(14928692k free)

vm_info: Java HotSpot(TM) 64-Bit Server VM (25.112-b15) for windows-amd64 JRE (1.8.0_112-b15), built on Sep 22 2016 21:31:56 by "java_re" with MS VC++ 10.0 (VS2010)

time: Mon Jan 22 08:23:30 2018
elapsed time: 3 seconds (0d 0h 0m 3s)

