#-----------------------------------------------------------
# Vivado v2016.1 (64-bit)
# SW Build 1538259 on Fri Apr  8 15:45:27 MDT 2016
# IP Build 1537824 on Fri Apr  8 04:28:57 MDT 2016
# Start of session at: Thu Dec 01 13:00:48 2016
# Process ID: 3008
# Current directory: C:/Users/geirj/OneDrive - Universitetet i Agder/Documents/ELE112/LAB_5/LAB_5
# Command line: vivado.exe -gui_launcher_event rodinguilauncherevent9504 C:\Users\geirj\OneDrive - Universitetet i Agder\Documents\ELE112\LAB_5\LAB_5\LAB_5.xpr
# Log file: C:/Users/geirj/OneDrive - Universitetet i Agder/Documents/ELE112/LAB_5/LAB_5/vivado.log
# Journal file: C:/Users/geirj/OneDrive - Universitetet i Agder/Documents/ELE112/LAB_5/LAB_5\vivado.jou
#-----------------------------------------------------------
start_gui
open_project {C:/Users/geirj/OneDrive - Universitetet i Agder/Documents/ELE112/LAB_5/LAB_5/LAB_5.xpr}
INFO: [Project 1-313] Project file moved from 'C:/Users/geirj/ELE112/LAB_5' since last save.
Scanning sources...
Finished scanning sources
CRITICAL WARNING: [Board 49-67] The board_part definition was not found for digilentinc.com:nexys4_ddr:part0:1.1. Valid board_part values can be retrieved with the 'get_board_parts' Tcl command.
INFO: [Project 1-230] Project 'LAB_5.xpr' upgraded for this version of Vivado.
INFO: [IP_Flow 19-234] Refreshing IP repositories
INFO: [IP_Flow 19-1704] No user IP repositories specified
INFO: [IP_Flow 19-2313] Loaded Vivado IP repository 'C:/Xilinx/Vivado/2016.1/data/ip'.
open_project: Time (s): cpu = 00:00:12 ; elapsed = 00:00:17 . Memory (MB): peak = 735.543 ; gain = 114.266
update_compile_order -fileset sources_1
exit
INFO: [Common 17-206] Exiting Vivado at Thu Dec 01 13:08:01 2016...
