Unable to capture context for thread 8968 in process 14084, can not generate back trace
Unable to capture context for thread 14224 in process 14084, can not generate back trace
Unable to capture context for thread 14068 in process 14084, can not generate back trace
Unable to capture context for thread 5280 in process 14084, can not generate back trace
Unable to capture context for thread 5480 in process 14084, can not generate back trace
Unable to capture context for thread 13656 in process 14084, can not generate back trace
Unable to capture context for thread 8668 in process 14084, can not generate back trace
Unable to capture context for thread 12340 in process 14084, can not generate back trace
Exception at PC 0x00007FF987C93FB8
Unable to capture context for thread 6240 in process 14084, can not generate back trace
Unable to capture context for thread 9568 in process 14084, can not generate back trace
Unable to capture context for thread 8080 in process 14084, can not generate back trace
Exception at PC 0x00007FF914D3BB93
Printing stacktrace...

[0]  [0x00007FF914D3BB93]
[1]  [0x00007FF914D3BB93]
[2]  [0x00007FF914D3B4A1]
[3]  [0x00007FF914D3B3EF]
[4]  [0x00007FF914D219FE]
[5]  [0x00007FF914D20ED1]
[6]  [0x00007FF914D20D76]
[7]  [0x00007FF914CC79F6]
[8]  [0x00007FF914CB7AFB]
[9]  [0x00007FF914DDE90A]
[10]  [0x00007FF914DF9F87]
[11]  [0x00007FF914DFA05F]
[12] (BaseThreadInitThunk+0x14) [0x00007FF9886D1FE4]
[13] (RtlUserThreadStart+0x21) [0x00007FF98AA8EFB1]
Done
Exception at PC 0x00007FF914A41A52
Attemped to write at address 0x00007FF959A3ABA4
Printing stacktrace...

[0]  [0x00007FF914A41A52]
[1]  [0x00007FF914A41A52]
[2]  [0x00007FF914A41AD4]
[3]  [0x00007FF914B83FF7]
[4]  [0x00007FF914A69128]
[5]  [0x00007FF914D1DFB9]
[6]  [0x00007FF914EEEF23]
[7]  [0x00007FF914DFB06B]
[8]  [0x00007FF914DF08AF]
[9]  [0x00007FF914DF0A32]
[10] (RtlDeactivateActivationContextUnsafeFast+0x1b3) [0x00007FF98AA31493]
[11] (LdrShutdownProcess+0x125) [0x00007FF98AA606B5]
[12] (RtlExitUserProcess+0xb4) [0x00007FF98AA60574]
[13] (ExitProcess+0xa) [0x00007FF9886CF06A]
[14] (exit+0x75) [0x00007FF989E79B25]
[15] (initterm_e+0x21d) [0x00007FF989E7A16D]
[16]  [0x00000000004014CD]
[17]  [0x000000000040151B]
[18] (BaseThreadInitThunk+0x14) [0x00007FF9886D1FE4]
[19] (RtlUserThreadStart+0x21) [0x00007FF98AA8EFB1]
Done
